make[1]: Entering directory '/home/perilouspike/mykernel/realme_8pro-kernel/out'
  GEN     ./Makefile
  HOSTCC  scripts/basic/fixdep
  HOSTCC  scripts/kconfig/conf.o
  HOSTCC  scripts/kconfig/zconf.tab.o
  HOSTLD  scripts/kconfig/conf
scripts/kconfig/conf  --silentoldconfig Kconfig
  CHK     include/config/kernel.release
  GEN     ./Makefile
  UPD     include/config/kernel.release
  WRAP    arch/arm64/include/generated/uapi/asm/errno.h
  WRAP    arch/arm64/include/generated/uapi/asm/ioctl.h
  WRAP    arch/arm64/include/generated/uapi/asm/ioctls.h
  WRAP    arch/arm64/include/generated/uapi/asm/ipcbuf.h
  WRAP    arch/arm64/include/generated/uapi/asm/kvm_para.h
  CHK     include/generated/uapi/linux/version.h
  WRAP    arch/arm64/include/generated/uapi/asm/mman.h
  UPD     include/generated/uapi/linux/version.h
  WRAP    arch/arm64/include/generated/uapi/asm/msgbuf.h
  WRAP    arch/arm64/include/generated/uapi/asm/poll.h
  WRAP    arch/arm64/include/generated/uapi/asm/resource.h
  WRAP    arch/arm64/include/generated/uapi/asm/sembuf.h
  WRAP    arch/arm64/include/generated/uapi/asm/shmbuf.h
  WRAP    arch/arm64/include/generated/uapi/asm/socket.h
  WRAP    arch/arm64/include/generated/uapi/asm/sockios.h
  WRAP    arch/arm64/include/generated/uapi/asm/swab.h
  WRAP    arch/arm64/include/generated/uapi/asm/termbits.h
  WRAP    arch/arm64/include/generated/uapi/asm/termios.h
  WRAP    arch/arm64/include/generated/uapi/asm/types.h
  CHK     include/generated/utsrelease.h
  UPD     include/generated/utsrelease.h
  HOSTCC  scripts/basic/fixdep
  HOSTCC  scripts/basic/bin2c
  Using .. as source for kernel
  WRAP    arch/arm64/include/generated/asm/bugs.h
  WRAP    arch/arm64/include/generated/asm/clkdev.h
  WRAP    arch/arm64/include/generated/asm/delay.h
  WRAP    arch/arm64/include/generated/asm/div64.h
  WRAP    arch/arm64/include/generated/asm/dma.h
  WRAP    arch/arm64/include/generated/asm/dma-contiguous.h
  WRAP    arch/arm64/include/generated/asm/early_ioremap.h
  WRAP    arch/arm64/include/generated/asm/emergency-restart.h
  WRAP    arch/arm64/include/generated/asm/hw_irq.h
  WRAP    arch/arm64/include/generated/asm/irq_regs.h
  WRAP    arch/arm64/include/generated/asm/kdebug.h
  WRAP    arch/arm64/include/generated/asm/kmap_types.h
  WRAP    arch/arm64/include/generated/asm/local.h
  WRAP    arch/arm64/include/generated/asm/local64.h
  WRAP    arch/arm64/include/generated/asm/mcs_spinlock.h
  WRAP    arch/arm64/include/generated/asm/mm-arch-hooks.h
  WRAP    arch/arm64/include/generated/asm/msi.h
  WRAP    arch/arm64/include/generated/asm/preempt.h
  WRAP    arch/arm64/include/generated/asm/qrwlock.h
  WRAP    arch/arm64/include/generated/asm/rwsem.h
  WRAP    arch/arm64/include/generated/asm/segment.h
  WRAP    arch/arm64/include/generated/asm/serial.h
  WRAP    arch/arm64/include/generated/asm/set_memory.h
  WRAP    arch/arm64/include/generated/asm/sizes.h
  WRAP    arch/arm64/include/generated/asm/switch_to.h
  WRAP    arch/arm64/include/generated/asm/trace_clock.h
  WRAP    arch/arm64/include/generated/asm/unaligned.h
  WRAP    arch/arm64/include/generated/asm/user.h
  WRAP    arch/arm64/include/generated/asm/vga.h
  WRAP    arch/arm64/include/generated/asm/xor.h
  HOSTCC  scripts/genksyms/genksyms.o
  SHIPPED scripts/genksyms/parse.tab.c
  SHIPPED scripts/genksyms/lex.lex.c
  SHIPPED scripts/genksyms/parse.tab.h
  HOSTCC  scripts/genksyms/parse.tab.o
  HOSTCC  scripts/genksyms/lex.lex.o
  HOSTLD  scripts/genksyms/genksyms
  CC      scripts/mod/empty.o
  HOSTCC  scripts/mod/mk_elfconfig
  CC      scripts/mod/devicetable-offsets.s
  MKELF   scripts/mod/elfconfig.h
  CHK     scripts/mod/devicetable-offsets.h
  UPD     scripts/mod/devicetable-offsets.h
  HOSTCC  scripts/mod/sumversion.o
  HOSTCC  scripts/mod/modpost.o
  HOSTCC  scripts/mod/file2alias.o
  HOSTLD  scripts/mod/modpost
  HOSTCC  scripts/selinux/genheaders/genheaders
  HOSTCC  scripts/selinux/mdp/mdp
  HOSTCC  scripts/kallsyms
  HOSTCC  scripts/pnmtologo
  HOSTCC  scripts/conmakehash
  HOSTCC  scripts/sortextable
  HOSTCC  scripts/asn1_compiler
  HOSTCC  scripts/sign-file
  HOSTCC  scripts/extract-cert
  CC      kernel/bounds.s
  CHK     include/generated/timeconst.h
  UPD     include/generated/timeconst.h
  CHK     include/generated/bounds.h
  UPD     include/generated/bounds.h
  CC      arch/arm64/kernel/asm-offsets.s
  CHK     include/generated/asm-offsets.h
  UPD     include/generated/asm-offsets.h
  CALL    ../scripts/checksyscalls.sh
  LDS     arch/arm64/kernel/vdso/vdso.lds
  VDSOA   arch/arm64/kernel/vdso/gettimeofday.o
  VDSOA   arch/arm64/kernel/vdso/note.o
  VDSOA   arch/arm64/kernel/vdso/sigreturn.o
  VDSOL   arch/arm64/kernel/vdso/vdso.so.dbg
  VDSOSYM include/generated/vdso-offsets.h
  CC      init/main.o
  CHK     include/generated/compile.h
  UPD     include/generated/compile.h
  CC      init/do_mounts.o
  CC      init/do_mounts_rd.o
  CC      init/do_mounts_initrd.o
  CC      init/do_mounts_dm.o
  CC      init/noinitramfs.o
  CC      init/initramfs.o
  CC      init/calibrate.o
  CC      init/init_task.o
  CC      init/version.o
  AR      init/mounts.o
  AR      init/built-in.o
  HOSTCC  usr/gen_init_cpio
  GEN     usr/initramfs_data.cpio
  AS      usr/initramfs_data.o
  AR      usr/built-in.o
  CC      arch/arm64/kernel/debug-monitors.o
  AS      arch/arm64/kernel/entry.o
  CC      arch/arm64/kernel/irq.o
  CC      arch/arm64/kernel/fpsimd.o
  AS      arch/arm64/kernel/entry-fpsimd.o
  CC      arch/arm64/kernel/process.o
  CC      arch/arm64/kernel/ptrace.o
  CC      arch/arm64/mm/dma-mapping.o
  CC      arch/arm64/kernel/setup.o
  CC      arch/arm64/mm/extable.o
  CC      arch/arm64/kernel/signal.o
  CC      arch/arm64/mm/fault.o
  CC      arch/arm64/mm/init.o
  CC      arch/arm64/kernel/sys.o
  CC      arch/arm64/kernel/stacktrace.o
  AS      arch/arm64/mm/cache.o
  CC      arch/arm64/mm/copypage.o
  CC      arch/arm64/kernel/time.o
  CC      arch/arm64/mm/flush.o
  CC      arch/arm64/kernel/traps.o
  CC      arch/arm64/mm/ioremap.o
  CC      arch/arm64/kernel/io.o
  CC      arch/arm64/mm/mmap.o
  CC      arch/arm64/kernel/vdso.o
  CC      arch/arm64/mm/pgd.o
  AS      arch/arm64/kernel/hyp-stub.o
  CC      arch/arm64/kernel/psci.o
  CC      arch/arm64/mm/mmu.o
  CC      arch/arm64/kernel/cpu_ops.o
  CC      arch/arm64/kernel/insn.o
  CC      arch/arm64/mm/context.o
  CC      arch/arm64/kernel/return_address.o
  AS      arch/arm64/mm/proc.o
  CC      arch/arm64/mm/pageattr.o
  CC      arch/arm64/kernel/cpuinfo.o
  AR      arch/arm64/mm/built-in.o
  CC      arch/arm64/net/bpf_jit_comp.o
  CC      arch/arm64/kernel/cpu_errata.o
  CC      arch/arm64/kernel/cpufeature.o
  AR      arch/arm64/net/built-in.o
  CC      arch/arm64/crypto/sha1-ce-glue.o
  CC      arch/arm64/kernel/alternative.o
  AS      arch/arm64/crypto/sha1-ce-core.o
  CC      arch/arm64/crypto/sha2-ce-glue.o
  CC      arch/arm64/kernel/cacheinfo.o
  CC      arch/arm64/kernel/smp.o
  AS      arch/arm64/crypto/sha2-ce-core.o
  CC      arch/arm64/crypto/ghash-ce-glue.o
  AS      arch/arm64/crypto/ghash-ce-core.o
  AS      arch/arm64/crypto/aes-ce-core.o
  CC      arch/arm64/kernel/smp_spin_table.o
  CC      arch/arm64/crypto/aes-ce-glue.o
  CC      arch/arm64/kernel/topology.o
  CC      arch/arm64/crypto/aes-ce-ccm-glue.o
  AS      arch/arm64/kernel/smccc-call.o
  CC      arch/arm64/kernel/sys32.o
  AS      arch/arm64/crypto/aes-ce-ccm-core.o
  CC      arch/arm64/crypto/aes-glue-ce.o
  AS      arch/arm64/kernel/kuser32.o
  CC      arch/arm64/kernel/signal32.o
  AS      arch/arm64/crypto/aes-ce.o
  CC      arch/arm64/crypto/aes-glue-neon.o
  CC      arch/arm64/kernel/sys_compat.o
  AS      arch/arm64/crypto/aes-neon.o
  CC      arch/arm64/crypto/sha256-glue.o
  AS      arch/arm64/kernel/entry32.o
  CC      arch/arm64/kernel/arm64ksyms.o
  SHIPPED arch/arm64/crypto/sha256-core.S
  AS      arch/arm64/crypto/aes-cipher-core.o
  CC      arch/arm64/crypto/aes-cipher-glue.o
  CC      arch/arm64/kernel/module.o
  AR      arch/arm64/crypto/sha1-ce.o
  AR      arch/arm64/crypto/sha2-ce.o
  AR      arch/arm64/crypto/ghash-ce.o
  CC      arch/arm64/kernel/module-plts.o
  AR      arch/arm64/crypto/aes-ce-cipher.o
  AR      arch/arm64/crypto/aes-ce-ccm.o
  AR      arch/arm64/crypto/aes-ce-blk.o
  AR      arch/arm64/crypto/aes-neon-blk.o
  AS      arch/arm64/crypto/sha256-core.o
  AR      arch/arm64/crypto/aes-arm64.o
  AR      arch/arm64/crypto/sha256-arm64.o
  AR      arch/arm64/crypto/built-in.o
  CC      arch/arm64/kernel/perf_regs.o
  CC      kernel/fork.o
  CC      arch/arm64/kernel/perf_callchain.o
  CC      arch/arm64/kernel/perf_event.o
  CC      arch/arm64/kernel/perf_trace_counters.o
  CC      kernel/exec_domain.o
  CC      arch/arm64/kernel/perf_trace_user.o
  CC      kernel/panic.o
  CC      arch/arm64/kernel/hw_breakpoint.o
  AS      arch/arm64/kernel/sleep.o
  CC      arch/arm64/kernel/suspend.o
  CC      kernel/cpu.o
  CC      arch/arm64/kernel/cpuidle.o
  CC      arch/arm64/kernel/pci.o
  CC      kernel/exit.o
  CC      arch/arm64/kernel/armv8_deprecated.o
  CC      arch/arm64/kernel/kaslr.o
  CC      arch/arm64/kernel/ssbd.o
  CC      arch/arm64/kernel/scs.o
  CC      kernel/softirq.o
  CC      arch/arm64/kernel/probes/uprobes.o
  CC      arch/arm64/kernel/probes/decode-insn.o
  CC      kernel/resource.o
  CC      arch/arm64/kernel/probes/simulate-insn.o
  AR      arch/arm64/kernel/probes/built-in.o
  CC      arch/arm64/kernel/rootguard/oplus_root_check.o
  CC      kernel/sysctl.o
  CC      arch/arm64/kernel/rootguard/oplus_exec_block.o
  CC      arch/arm64/kernel/rootguard/oplus_mount_block.o
  CC      kernel/sysctl_binary.o
  CC      arch/arm64/kernel/rootguard/oplus_guard_general.o
  CC      kernel/capability.o
  CC      arch/arm64/kernel/rootguard/oplus_hook_syscall.o
  AR      arch/arm64/kernel/rootguard/built-in.o
  OBJCOPY arch/arm64/kernel/vdso/vdso.so
  AS      arch/arm64/kernel/vdso/vdso.o
  AR      arch/arm64/kernel/vdso/built-in.o
  AS      arch/arm64/kernel/oplus_root.o
  AS      arch/arm64/kernel/head.o
  CC      kernel/ptrace.o
  LDS     arch/arm64/kernel/vmlinux.lds
  AR      arch/arm64/kernel/built-in.o
  CC      certs/system_keyring.o
  EXTRACT_CERTS   
  CC      kernel/user.o
Generating X.509 key generation config
###
### Now generating an X.509 key pair to be used for signing modules.
###
### If this takes a long time, you might wish to run rngd in the
### background to keep the supply of entropy topped up.  It
### needs to be run as root, and uses a hardware random
### number generator if one is available.
###
.....+..................+.+......+..+......+.+........+.+..+.......+.....+...+....+.....+....+.....+++++++++++++++++++++++++++++++++++++++++++++++++++++++++++++++++*....+.....+.......+..+......+.............+......+...+........+...+..........+......+...+..+....+.....+.........+.+..+++++++++++++++++++++++++++++++++++++++++++++++++++++++++++++++++*..+...+.+........................+..+.........+.......+...+......+...+...........+....+...........+......+.+..+..........+...........+.........................+..............+...+...+............+...+............+...+....+.....+..........+........+....+...+...+..+............+........................+....+...+.........+...+...+.....+...............+.........+..........+.........+.........+...+........+......+...+...+.......+...+.......  CC      kernel/signal.o
..+.........+..+...+....+...+.........+........+.+............+..+.+......+....................+......+....+........+.......+...+......+..............+...............+...+............+.+..+...+..........+......+.....+......+..................+....+..+.+........+....+...+..+............+..................+.+.....+.+.....+...+.......+..............+.+...+...+........+.......+.....+...+....+...+............+......+.....+......................+.................+.............+.....+.......+.................+....+.........+..+....+.........+........+...+...............+.......+...+......+.....+...............+................+....................+...................+....................+....+......+...+........+...+........................+.......+...+.....+......+.+......+.....+...+...............+................+...+............+.....+.+...+.........+......+..+....+.........+.....+.+...+.....+.+...........+.+..+......+.+........+...+..........+..+...+.........+.........+......+.............+..+..........+...+...........................+........+...+....+.....+.............+......+..+.......+..+..................+...+...................+...+..+....+...........+.+...+..............+.......+......+.....+...+............+.......+......+.....+............+.......+..+....+...........+......+.......+.................+....+..+......................+..+...+...+.......+......+............+........+.+......+............+..+...+...+...+.+...+......+.........+.....+.......+..............+.+........+................+......+.....+.............+..+.+.....+.........+.........+..........+..+.........+......+...................+.........+.....+......+.........+.........+...+..........+.....+...................+.....+......+.......+...+..+...+..........+...+.....+.+..............+......+..........+...+...............+.....+..................+....+  CC      kernel/sys.o
......+........+.+....................+.+..+.....................+......+....+.....+.....................+.........+.+......+.........+.....+.........+............+..........+.....+.......+...+.................+.+..+....+.....+...+..........+...........+..........+.....+.......+.................+.......+.....+.+...+..+.........+.+...+..+............+.+......+...+...............+....................+.+.....+.+.....................+...+...............+.........+..+..........+...........+..........+..+............+......+...+.+...+.....+..........+...+........+................+..............+....+.....+.+...........+................+.....+.........+.............+...+...................................+.......+........+.........+...+..................+.......+...+........+.+...+...+.....+...+..........+..+.............+.....+.........+......+....+..+.........+.......+...+..............+..........+...........+......+.+..+.+.........+............+......+++++++++++++++++++++++++++++++++++++++++++++++++++++++++++++++++
..+++++++++++++++++++++++++++++++++++++++++++++++++++++++++++++++++*.+.............+.................+....+...+......+.....+.+...+.....+.+.....+............+...+++++++++++++++++++++++++++++++++++++++++++++++++++++++++++++++++*.+++++++++++++++++++++++++++++++++++++++++++++++++++++++++++++++++
  CC      kernel/umh.o
-----
###
### Key pair generated.
###
  EXTRACT_CERTS   certs/signing_key.pem
  AS      certs/system_certificates.o
  AR      certs/built-in.o
  CC      mm/filemap.o
  CC      kernel/workqueue.o
  CC      mm/mempool.o
  CC      kernel/pid.o
  CC      mm/oom_kill.o
  CC      kernel/task_work.o
  CC      kernel/extable.o
  CC      mm/maccess.o
  CC      kernel/params.o
  CC      mm/page_alloc.o
  CC      kernel/kthread.o
  CC      kernel/sys_ni.o
  CC      kernel/nsproxy.o
  CC      mm/page-writeback.o
  CC      kernel/notifier.o
  CC      kernel/ksysfs.o
  CC      mm/readahead.o
  CC      kernel/cred.o
  CC      mm/swap.o
  CC      kernel/reboot.o
  CC      kernel/async.o
  CC      mm/truncate.o
  CC      kernel/range.o
  CC      kernel/smpboot.o
  CC      mm/vmscan.o
  CC      kernel/ucount.o
  CC      kernel/panic_flush.o
  CC      kernel/kmod.o
  CC      mm/shmem.o
  CC      kernel/groups.o
  CC      mm/util.o
  CC      kernel/bpf/core.o
  CC      mm/mmzone.o
  CC      mm/vmstat.o
  CC      kernel/bpf/syscall.o
  CC      mm/backing-dev.o
  CC      kernel/bpf/verifier.o
  CC      mm/mm_init.o
  CC      mm/mmu_context.o
  CC      kernel/bpf/inode.o
  CC      mm/percpu.o
  CC      kernel/bpf/helpers.o
  CC      mm/slab_common.o
  CC      kernel/bpf/tnum.o
  CC      kernel/bpf/hashtab.o
  CC      kernel/bpf/arraymap.o
  CC      mm/compaction.o
  CC      kernel/bpf/percpu_freelist.o
  CC      kernel/bpf/bpf_lru_list.o
  CC      kernel/bpf/lpm_trie.o
  CC      mm/vmacache.o
  CC      mm/swap_slots.o
  CC      kernel/bpf/map_in_map.o
  CC      mm/interval_tree.o
  CC      kernel/bpf/devmap.o
  CC      kernel/bpf/stackmap.o
  CC      mm/list_lru.o
  CC      kernel/bpf/cgroup.o
  CC      mm/workingset.o
  CC      mm/debug.o
  AR      kernel/bpf/built-in.o
  CC      kernel/cgroup/cgroup.o
  CC      mm/gup.o
  CC      mm/highmem.o
  CC      mm/memory.o
  CC      kernel/cgroup/namespace.o
  CC      kernel/cgroup/cgroup-v1.o
  CC      mm/mincore.o
  CC      kernel/cgroup/freezer.o
  CC      kernel/cgroup/cpuset.o
  CC      mm/mlock.o
  AR      kernel/cgroup/built-in.o
  CC      kernel/events/core.o
  CC      mm/mmap.o
  CC      mm/mprotect.o
  CC      mm/mremap.o
  CC      kernel/events/ring_buffer.o
  CC      mm/msync.o
  CC      mm/page_vma_mapped.o
  CC      kernel/events/callchain.o
  CC      mm/pagewalk.o
  CC      kernel/events/hw_breakpoint.o
  CC      mm/pgtable-generic.o
  CC      mm/rmap.o
  CC      kernel/events/uprobes.o
  CC      mm/vmalloc.o
  AR      kernel/events/built-in.o
  CC      kernel/irq/irqdesc.o
  CC      kernel/irq/handle.o
  CC      mm/process_vm_access.o
  CC      kernel/irq/manage.o
  CC      mm/showmem.o
  CC      mm/vmpressure.o
  CC      kernel/irq/spurious.o
  CC      mm/init-mm.o
  CC      kernel/irq/resend.o
  CC      mm/nobootmem.o
  CC      kernel/irq/chip.o
  CC      mm/fadvise.o
  CC      mm/madvise.o
  CC      kernel/irq/dummychip.o
  CC      kernel/irq/devres.o
  CC      mm/memblock.o
  CC      kernel/irq/autoprobe.o
  CC      mm/page_io.o
  CC      mm/swap_state.o
  CC      kernel/irq/irqdomain.o
  CC      mm/swapfile.o
  CC      kernel/irq/proc.o
  CC      kernel/irq/cpuhotplug.o
  CC      kernel/irq/pm.o
  CC      mm/swap_ratio.o
  CC      mm/dmapool.o
  CC      kernel/irq/msi.o
  CC      mm/sparse.o
  CC      kernel/irq/affinity.o
  AR      kernel/irq/built-in.o
  CC      mm/sparse-vmemmap.o
  CC      kernel/keventupload/oplus_kevent_upload.o
  CC      mm/slub.o
  AR      kernel/keventupload/built-in.o
  AR      kernel/livepatch/built-in.o
  CC      kernel/locking/mutex.o
  CC      kernel/locking/semaphore.o
  CC      kernel/locking/rwsem.o
  CC      mm/migrate.o
  CC      kernel/locking/percpu-rwsem.o
  CC      mm/page_counter.o
  CC      kernel/locking/spinlock.o
  CC      mm/memcontrol.o
  CC      kernel/locking/osq_lock.o
  CC      kernel/locking/rtmutex.o
  CC      kernel/locking/rwsem-xadd.o
  CC      kernel/locking/qrwlock.o
  CC      mm/swap_cgroup.o
  AR      kernel/locking/built-in.o
  CC      kernel/power/qos.o
  CC      mm/page_owner.o
  CC      mm/page_isolation.o
  CC      kernel/power/main.o
  CC      mm/zsmalloc.o
  CC      kernel/power/console.o
  CC      mm/early_ioremap.o
  CC      kernel/power/process.o
  CC      mm/cma.o
  CC      kernel/power/suspend.o
  CC      mm/page_ext.o
  CC      mm/frame_vector.o
  CC      kernel/power/wakelock.o
  CC      kernel/power/poweroff.o
  CC      mm/usercopy.o
  CC      kernel/power/wakeup_reason.o
  CC      mm/process_reclaim.o
  AR      kernel/power/built-in.o
  CC      kernel/printk/printk.o
  CC      mm/process_mm_reclaim.o
  CC      mm/multi_kswapd/multi_kswapd.o
  CC      kernel/printk/printk_safe.o
  AR      kernel/printk/built-in.o
  AR      mm/multi_kswapd/built-in.o
  CC      mm/oppo_healthinfo/memory_monitor.o
  CC      kernel/rcu/update.o
  AR      mm/oppo_healthinfo/built-in.o
  CC      mm/task_mem/tasks_memory.o
  CC      kernel/rcu/sync.o
  CC      kernel/rcu/srcutree.o
  AR      mm/task_mem/built-in.o
  CC      mm/multi_freearea.o
  CC      kernel/rcu/tree.o
  CC      mm/reserve_area.o
  AR      mm/built-in.o
  CC      fs/open.o
  CC      kernel/rcu/rcu_segcblist.o
  AR      kernel/rcu/built-in.o
  CC      kernel/sched/core.o
  CC      fs/read_write.o
  CC      fs/file_table.o
  CC      fs/super.o
  CC      kernel/sched/loadavg.o
  CC      fs/char_dev.o
  CC      kernel/sched/clock.o
  CC      fs/stat.o
  CC      kernel/sched/cputime.o
  CC      kernel/sched/idle_task.o
  CC      fs/exec.o
  CC      kernel/sched/fair.o
  CC      fs/pipe.o
  CC      fs/namei.o
  CC      kernel/sched/rt.o
  CC      fs/fcntl.o
  CC      kernel/sched/deadline.o
  CC      fs/ioctl.o
  CC      kernel/sched/wait.o
  CC      fs/readdir.o
  CC      kernel/sched/wait_bit.o
  CC      kernel/sched/swait.o
  CC      fs/select.o
